# JRE version: OpenJDK Runtime Environment Temurin-17.0.7+7 (17.0.7+7) (build 17.0.7+7)
# Java VM: OpenJDK 64-Bit Server VM Temurin-17.0.7+7 (17.0.7+7, mixed mode, tiered, compressed oops, compressed class ptrs, g1 gc, windows-amd64)
GC Precious Log:
 CPUs: 8 total, 8 available
 Memory: 16254M
 Large Page Support: Disabled
 NUMA Support: Disabled
 Compressed Oops: Enabled (Zero based)
 Heap Region Size: 2M
 Heap Min Capacity: 8M
 Heap Initial Capacity: 254M
 Heap Max Capacity: 4064M
 Pre-touch: Disabled
 Parallel Workers: 8
 Concurrent Workers: 2
 Concurrent Refinement Workers: 8
 Periodic GC: Disabled
Heap:
 garbage-first heap   total 151552K, used 85904K [0x0000000702000000, 0x0000000800000000)
  region size 2048K, 37 young (75776K), 5 survivors (10240K)
 Metaspace       used 35209K, committed 35456K, reserved 1114112K
  class space    used 3791K, committed 3904K, reserved 1048576K
GC Heap History (16 events):
Event: 2.846 GC heap before
{Heap before GC invocations=0 (full 0):
 garbage-first heap   total 260096K, used 22528K [0x0000000702000000, 0x0000000800000000)
  region size 2048K, 11 young (22528K), 0 survivors (0K)
 Metaspace       used 15317K, committed 15424K, reserved 1114112K
  class space    used 1515K, committed 1536K, reserved 1048576K
}
Event: 2.853 GC heap after
{Heap after GC invocations=1 (full 0):
 garbage-first heap   total 260096K, used 4256K [0x0000000702000000, 0x0000000800000000)
  region size 2048K, 2 young (4096K), 2 survivors (4096K)
 Metaspace       used 15317K, committed 15424K, reserved 1114112K
  class space    used 1515K, committed 1536K, reserved 1048576K
}
Event: 3.590 GC heap before
{Heap before GC invocations=1 (full 0):
 garbage-first heap   total 260096K, used 32928K [0x0000000702000000, 0x0000000800000000)
  region size 2048K, 16 young (32768K), 2 survivors (4096K)
 Metaspace       used 18984K, committed 19136K, reserved 1114112K
  class space    used 1972K, committed 2048K, reserved 1048576K
}
Event: 3.595 GC heap after
{Heap after GC invocations=2 (full 0):
 garbage-first heap   total 260096K, used 5848K [0x0000000702000000, 0x0000000800000000)
  region size 2048K, 1 young (2048K), 1 survivors (2048K)
 Metaspace       used 18984K, committed 19136K, reserved 1114112K
  class space    used 1972K, committed 2048K, reserved 1048576K
}
Event: 3.991 GC heap before
{Heap before GC invocations=2 (full 0):
 garbage-first heap   total 260096K, used 18136K [0x0000000702000000, 0x0000000800000000)
  region size 2048K, 8 young (16384K), 1 survivors (2048K)
 Metaspace       used 21372K, committed 21504K, reserved 1114112K
  class space    used 2293K, committed 2368K, reserved 1048576K
}
Event: 3.995 GC heap after
{Heap after GC invocations=3 (full 0):
 garbage-first heap   total 260096K, used 6857K [0x0000000702000000, 0x0000000800000000)
  region size 2048K, 2 young (4096K), 2 survivors (4096K)
 Metaspace       used 21372K, committed 21504K, reserved 1114112K
  class space    used 2293K, committed 2368K, reserved 1048576K
}
Event: 4.655 GC heap before
{Heap before GC invocations=4 (full 0):
 garbage-first heap   total 40960K, used 27337K [0x0000000702000000, 0x0000000800000000)
  region size 2048K, 12 young (24576K), 2 survivors (4096K)
 Metaspace       used 24588K, committed 24768K, reserved 1114112K
  class space    used 2650K, committed 2752K, reserved 1048576K
}
Event: 4.663 GC heap after
{Heap after GC invocations=5 (full 0):
 garbage-first heap   total 40960K, used 9130K [0x0000000702000000, 0x0000000800000000)
  region size 2048K, 2 young (4096K), 2 survivors (4096K)
 Metaspace       used 24588K, committed 24768K, reserved 1114112K
  class space    used 2650K, committed 2752K, reserved 1048576K
}
Event: 4.706 GC heap before
{Heap before GC invocations=5 (full 0):
 garbage-first heap   total 40960K, used 11178K [0x0000000702000000, 0x0000000800000000)
  region size 2048K, 3 young (6144K), 2 survivors (4096K)
 Metaspace       used 24622K, committed 24768K, reserved 1114112K
  class space    used 2650K, committed 2752K, reserved 1048576K
}
Event: 4.712 GC heap after
{Heap after GC invocations=6 (full 0):
 garbage-first heap   total 40960K, used 9513K [0x0000000702000000, 0x0000000800000000)
  region size 2048K, 1 young (2048K), 1 survivors (2048K)
 Metaspace       used 24622K, committed 24768K, reserved 1114112K
  class space    used 2650K, committed 2752K, reserved 1048576K
}
Event: 5.106 GC heap before
{Heap before GC invocations=6 (full 0):
 garbage-first heap   total 40960K, used 25897K [0x0000000702000000, 0x0000000800000000)
  region size 2048K, 9 young (18432K), 1 survivors (2048K)
 Metaspace       used 25141K, committed 25344K, reserved 1114112K
  class space    used 2695K, committed 2816K, reserved 1048576K
}
Event: 5.113 GC heap after
{Heap after GC invocations=7 (full 0):
 garbage-first heap   total 40960K, used 11017K [0x0000000702000000, 0x0000000800000000)
  region size 2048K, 2 young (4096K), 2 survivors (4096K)
 Metaspace       used 25141K, committed 25344K, reserved 1114112K
  class space    used 2695K, committed 2816K, reserved 1048576K
}
Event: 5.486 GC heap before
{Heap before GC invocations=7 (full 0):
 garbage-first heap   total 40960K, used 27401K [0x0000000702000000, 0x0000000800000000)
  region size 2048K, 10 young (20480K), 2 survivors (4096K)
 Metaspace       used 25369K, committed 25536K, reserved 1114112K
  class space    used 2707K, committed 2816K, reserved 1048576K
}
Event: 5.496 GC heap after
{Heap after GC invocations=8 (full 0):
 garbage-first heap   total 151552K, used 12779K [0x0000000702000000, 0x0000000800000000)
  region size 2048K, 2 young (4096K), 2 survivors (4096K)
 Metaspace       used 25369K, committed 25536K, reserved 1114112K
  class space    used 2707K, committed 2816K, reserved 1048576K
}
Event: 8.783 GC heap before
{Heap before GC invocations=8 (full 0):
 garbage-first heap   total 151552K, used 98795K [0x0000000702000000, 0x0000000800000000)
  region size 2048K, 44 young (90112K), 2 survivors (4096K)
 Metaspace       used 28275K, committed 28544K, reserved 1114112K
  class space    used 2964K, committed 3072K, reserved 1048576K
}
Event: 8.792 GC heap after
{Heap after GC invocations=9 (full 0):
 garbage-first heap   total 151552K, used 18320K [0x0000000702000000, 0x0000000800000000)
  region size 2048K, 5 young (10240K), 5 survivors (10240K)
 Metaspace       used 28275K, committed 28544K, reserved 1114112K
  class space    used 2964K, committed 3072K, reserved 1048576K
}

